2014-06-02 21:53:15 Error: [MissingActionException] Action UsersController::login() could not be found.
Exception Attributes: array (
  'controller' => 'UsersController',
  'action' => 'login',
)
Request URL: /labs/dai3/site/
Stack Trace:
#0 /Users/CAlvarado/Sites/labs/dai3/Vendor/cakephp/cakephp/lib/Cake/Routing/Dispatcher.php(191): Controller->invokeAction(Object(CakeRequest))
#1 /Users/CAlvarado/Sites/labs/dai3/Vendor/cakephp/cakephp/lib/Cake/Routing/Dispatcher.php(165): Dispatcher->_invoke(Object(UsersController), Object(CakeRequest))
#2 /Users/CAlvarado/Sites/labs/dai3/site/webroot/index.php(99): Dispatcher->dispatch(Object(CakeRequest), Object(CakeResponse))
#3 {main}
2014-06-02 21:54:11 Error: [MissingViewException] View file "/Users/CAlvarado/Sites/labs/dai3/site/View/Users/admin_index.ctp" is missing.
Exception Attributes: array (
  'file' => '/Users/CAlvarado/Sites/labs/dai3/site/View/Users/admin_index.ctp',
)
Request URL: /labs/dai3/site/admin/users
Stack Trace:
#0 /Users/CAlvarado/Sites/labs/dai3/Vendor/cakephp/cakephp/lib/Cake/View/View.php(468): View->_getViewFileName(NULL)
#1 /Users/CAlvarado/Sites/labs/dai3/Vendor/cakephp/cakephp/lib/Cake/Controller/Controller.php(954): View->render(NULL, NULL)
#2 /Users/CAlvarado/Sites/labs/dai3/Vendor/cakephp/cakephp/lib/Cake/Routing/Dispatcher.php(198): Controller->render()
#3 /Users/CAlvarado/Sites/labs/dai3/Vendor/cakephp/cakephp/lib/Cake/Routing/Dispatcher.php(165): Dispatcher->_invoke(Object(UsersController), Object(CakeRequest))
#4 /Users/CAlvarado/Sites/labs/dai3/site/webroot/index.php(99): Dispatcher->dispatch(Object(CakeRequest), Object(CakeResponse))
#5 {main}
2014-06-02 22:03:41 Error: [MissingPluginException] Plugin DebugKit could not be found.
Exception Attributes: array (
  'plugin' => 'DebugKit',
)
Request URL: /labs/dai3/site/
Stack Trace:
#0 /Users/CAlvarado/Sites/labs/dai3/Vendor/cakephp/cakephp/lib/Cake/Core/App.php(365): CakePlugin::path('DebugKit')
#1 /Users/CAlvarado/Sites/labs/dai3/Vendor/cakephp/cakephp/lib/Cake/Core/App.php(226): App::pluginPath('DebugKit')
#2 /Users/CAlvarado/Sites/labs/dai3/Vendor/cakephp/cakephp/lib/Cake/Core/App.php(547): App::path('Controller/Comp...', 'DebugKit')
#3 [internal function]: App::load('ToolbarComponen...')
#4 [internal function]: spl_autoload_call('ToolbarComponen...')
#5 /Users/CAlvarado/Sites/labs/dai3/Vendor/cakephp/cakephp/lib/Cake/Controller/ComponentCollection.php(110): class_exists('ToolbarComponen...')
#6 /Users/CAlvarado/Sites/labs/dai3/Vendor/cakephp/cakephp/lib/Cake/Controller/ComponentCollection.php(53): ComponentCollection->load('DebugKit.Toolba...', Array)
#7 /Users/CAlvarado/Sites/labs/dai3/Vendor/cakephp/cakephp/lib/Cake/Controller/Controller.php(643): ComponentCollection->init(Object(UsersController))
#8 /Users/CAlvarado/Sites/labs/dai3/Vendor/cakephp/cakephp/lib/Cake/Routing/Dispatcher.php(186): Controller->constructClasses()
#9 /Users/CAlvarado/Sites/labs/dai3/Vendor/cakephp/cakephp/lib/Cake/Routing/Dispatcher.php(165): Dispatcher->_invoke(Object(UsersController), Object(CakeRequest))
#10 /Users/CAlvarado/Sites/labs/dai3/site/webroot/index.php(99): Dispatcher->dispatch(Object(CakeRequest), Object(CakeResponse))
#11 {main}
2014-06-02 22:03:51 Error: [MissingActionException] Action UsersController::login() could not be found.
Exception Attributes: array (
  'controller' => 'UsersController',
  'action' => 'login',
)
Request URL: /labs/dai3/site/
Stack Trace:
#0 /Users/CAlvarado/Sites/labs/dai3/Vendor/cakephp/cakephp/lib/Cake/Routing/Dispatcher.php(191): Controller->invokeAction(Object(CakeRequest))
#1 /Users/CAlvarado/Sites/labs/dai3/Vendor/cakephp/cakephp/lib/Cake/Routing/Dispatcher.php(165): Dispatcher->_invoke(Object(UsersController), Object(CakeRequest))
#2 /Users/CAlvarado/Sites/labs/dai3/site/webroot/index.php(99): Dispatcher->dispatch(Object(CakeRequest), Object(CakeResponse))
#3 {main}
2014-06-02 22:31:29 Error: [MissingControllerException] Controller class LabsController could not be found.
Exception Attributes: array (
  'class' => 'LabsController',
  'plugin' => NULL,
)
Request URL: /labs/dai3/site/labs/dai3/site/
Stack Trace:
#0 /Users/CAlvarado/Sites/labs/dai3/site/webroot/index.php(99): Dispatcher->dispatch(Object(CakeRequest), Object(CakeResponse))
#1 {main}
2014-06-02 22:31:51 Error: [MissingControllerException] Controller class LabsController could not be found.
Exception Attributes: array (
  'class' => 'LabsController',
  'plugin' => NULL,
)
Request URL: /labs/dai3/site/labs/dai3/site/
Stack Trace:
#0 /Users/CAlvarado/Sites/labs/dai3/site/webroot/index.php(99): Dispatcher->dispatch(Object(CakeRequest), Object(CakeResponse))
#1 {main}
2014-06-02 22:32:18 Error: [MissingControllerException] Controller class LabsController could not be found.
Exception Attributes: array (
  'class' => 'LabsController',
  'plugin' => NULL,
)
Request URL: /labs/dai3/site/labs/dai3/site/
Stack Trace:
#0 /Users/CAlvarado/Sites/labs/dai3/site/webroot/index.php(99): Dispatcher->dispatch(Object(CakeRequest), Object(CakeResponse))
#1 {main}
2014-06-02 22:32:38 Error: [MissingControllerException] Controller class LabsController could not be found.
Exception Attributes: array (
  'class' => 'LabsController',
  'plugin' => NULL,
)
Request URL: /labs/dai3/site/labs/dai3/site/
Stack Trace:
#0 /Users/CAlvarado/Sites/labs/dai3/site/webroot/index.php(99): Dispatcher->dispatch(Object(CakeRequest), Object(CakeResponse))
#1 {main}
2014-06-02 22:32:45 Error: [MissingControllerException] Controller class LabsController could not be found.
Exception Attributes: array (
  'class' => 'LabsController',
  'plugin' => NULL,
)
Request URL: /labs/dai3/site/labs/dai3/site/
Stack Trace:
#0 /Users/CAlvarado/Sites/labs/dai3/site/webroot/index.php(99): Dispatcher->dispatch(Object(CakeRequest), Object(CakeResponse))
#1 {main}
2014-06-02 22:33:01 Error: [MissingControllerException] Controller class LabsController could not be found.
Exception Attributes: array (
  'class' => 'LabsController',
  'plugin' => NULL,
)
Request URL: /labs/dai3/site/labs/dai3/site/
Stack Trace:
#0 /Users/CAlvarado/Sites/labs/dai3/site/webroot/index.php(99): Dispatcher->dispatch(Object(CakeRequest), Object(CakeResponse))
#1 {main}
2014-06-02 22:33:33 Error: [MissingControllerException] Controller class LabsController could not be found.
Exception Attributes: array (
  'class' => 'LabsController',
  'plugin' => NULL,
)
Request URL: /labs/dai3/site/labs/dai3/site/
Stack Trace:
#0 /Users/CAlvarado/Sites/labs/dai3/site/webroot/index.php(99): Dispatcher->dispatch(Object(CakeRequest), Object(CakeResponse))
#1 {main}
2014-06-02 23:54:25 Error: [MissingActionException] Action UsersController::chagepassword() could not be found.
Exception Attributes: array (
  'controller' => 'UsersController',
  'action' => 'chagepassword',
)
Request URL: /labs/dai3/site/users/chagepassword
Stack Trace:
#0 /Users/CAlvarado/Sites/labs/dai3/Vendor/cakephp/cakephp/lib/Cake/Routing/Dispatcher.php(191): Controller->invokeAction(Object(CakeRequest))
#1 /Users/CAlvarado/Sites/labs/dai3/Vendor/cakephp/cakephp/lib/Cake/Routing/Dispatcher.php(165): Dispatcher->_invoke(Object(UsersController), Object(CakeRequest))
#2 /Users/CAlvarado/Sites/labs/dai3/site/webroot/index.php(99): Dispatcher->dispatch(Object(CakeRequest), Object(CakeResponse))
#3 {main}
2014-06-02 23:55:52 Error: [MissingActionException] Action UsersController::chagepassword() could not be found.
Exception Attributes: array (
  'controller' => 'UsersController',
  'action' => 'chagepassword',
)
Request URL: /labs/dai3/site/users/chagepassword
Stack Trace:
#0 /Users/CAlvarado/Sites/labs/dai3/Vendor/cakephp/cakephp/lib/Cake/Routing/Dispatcher.php(191): Controller->invokeAction(Object(CakeRequest))
#1 /Users/CAlvarado/Sites/labs/dai3/Vendor/cakephp/cakephp/lib/Cake/Routing/Dispatcher.php(165): Dispatcher->_invoke(Object(UsersController), Object(CakeRequest))
#2 /Users/CAlvarado/Sites/labs/dai3/site/webroot/index.php(99): Dispatcher->dispatch(Object(CakeRequest), Object(CakeResponse))
#3 {main}
2014-06-02 23:56:26 Error: [MissingActionException] Action UsersController::changepassword() could not be found.
Exception Attributes: array (
  'controller' => 'UsersController',
  'action' => 'changepassword',
)
Request URL: /labs/dai3/site/users/changepassword
Stack Trace:
#0 /Users/CAlvarado/Sites/labs/dai3/Vendor/cakephp/cakephp/lib/Cake/Routing/Dispatcher.php(191): Controller->invokeAction(Object(CakeRequest))
#1 /Users/CAlvarado/Sites/labs/dai3/Vendor/cakephp/cakephp/lib/Cake/Routing/Dispatcher.php(165): Dispatcher->_invoke(Object(UsersController), Object(CakeRequest))
#2 /Users/CAlvarado/Sites/labs/dai3/site/webroot/index.php(99): Dispatcher->dispatch(Object(CakeRequest), Object(CakeResponse))
#3 {main}
2014-06-03 00:02:16 Error: [MissingControllerException] Controller class LabsController could not be found.
Exception Attributes: array (
  'class' => 'LabsController',
  'plugin' => NULL,
)
Request URL: /labs/dai3/site/labs/dai3/site/
Stack Trace:
#0 /Users/CAlvarado/Sites/labs/dai3/site/webroot/index.php(99): Dispatcher->dispatch(Object(CakeRequest), Object(CakeResponse))
#1 {main}
